  main.cpp
C:\Users\Jaydawg\Desktop\VS Projects\Zombie Arena\main.cpp(27,44): warning C4244: '=': conversion from 'unsigned int' to 'T', possible loss of data
C:\Users\Jaydawg\Desktop\VS Projects\Zombie Arena\main.cpp(27,44): warning C4244:         with
C:\Users\Jaydawg\Desktop\VS Projects\Zombie Arena\main.cpp(27,44): warning C4244:         [
C:\Users\Jaydawg\Desktop\VS Projects\Zombie Arena\main.cpp(27,44): warning C4244:             T=float
C:\Users\Jaydawg\Desktop\VS Projects\Zombie Arena\main.cpp(27,44): warning C4244:         ]
C:\Users\Jaydawg\Desktop\VS Projects\Zombie Arena\main.cpp(28,44): warning C4244: '=': conversion from 'unsigned int' to 'T', possible loss of data
C:\Users\Jaydawg\Desktop\VS Projects\Zombie Arena\main.cpp(28,44): warning C4244:         with
C:\Users\Jaydawg\Desktop\VS Projects\Zombie Arena\main.cpp(28,44): warning C4244:         [
C:\Users\Jaydawg\Desktop\VS Projects\Zombie Arena\main.cpp(28,44): warning C4244:             T=float
C:\Users\Jaydawg\Desktop\VS Projects\Zombie Arena\main.cpp(28,44): warning C4244:         ]
C:\Users\Jaydawg\Desktop\VS Projects\Zombie Arena\main.cpp(29,56): warning C4244: 'argument': conversion from 'T' to 'unsigned int', possible loss of data
C:\Users\Jaydawg\Desktop\VS Projects\Zombie Arena\main.cpp(29,56): warning C4244:         with
C:\Users\Jaydawg\Desktop\VS Projects\Zombie Arena\main.cpp(29,56): warning C4244:         [
C:\Users\Jaydawg\Desktop\VS Projects\Zombie Arena\main.cpp(29,56): warning C4244:             T=float
C:\Users\Jaydawg\Desktop\VS Projects\Zombie Arena\main.cpp(29,56): warning C4244:         ]
C:\Users\Jaydawg\Desktop\VS Projects\Zombie Arena\main.cpp(29,42): warning C4244: 'argument': conversion from 'T' to 'unsigned int', possible loss of data
C:\Users\Jaydawg\Desktop\VS Projects\Zombie Arena\main.cpp(29,42): warning C4244:         with
C:\Users\Jaydawg\Desktop\VS Projects\Zombie Arena\main.cpp(29,42): warning C4244:         [
C:\Users\Jaydawg\Desktop\VS Projects\Zombie Arena\main.cpp(29,42): warning C4244:             T=float
C:\Users\Jaydawg\Desktop\VS Projects\Zombie Arena\main.cpp(29,42): warning C4244:         ]
C:\Users\Jaydawg\Desktop\VS Projects\Zombie Arena\main.cpp(505,50): warning C4244: 'argument': conversion from 'int' to 'T', possible loss of data
C:\Users\Jaydawg\Desktop\VS Projects\Zombie Arena\main.cpp(505,50): warning C4244:         with
C:\Users\Jaydawg\Desktop\VS Projects\Zombie Arena\main.cpp(505,50): warning C4244:         [
C:\Users\Jaydawg\Desktop\VS Projects\Zombie Arena\main.cpp(505,50): warning C4244:             T=float
C:\Users\Jaydawg\Desktop\VS Projects\Zombie Arena\main.cpp(505,50): warning C4244:         ]
  Zombie Arena.vcxproj -> C:\Users\Jaydawg\Desktop\VS Projects\Zombie Arena\Debug\Zombie Arena.exe
