  Bullet.cpp
C:\Users\Jaydawg\Desktop\VS Projects\Zombie Arena\Bullet.h(2,10): error C1083: Cannot open include file: 'SFML/Graphics.hpp': No such file or directory
  (compiling source file 'Bullet.cpp')
  
  CreateBackground.cpp
C:\Users\Jaydawg\Desktop\VS Projects\Zombie Arena\ZombieArena.h(2,10): error C1083: Cannot open include file: 'SFML/Graphics.hpp': No such file or directory
  (compiling source file 'CreateBackground.cpp')
  
  CreateHorde.cpp
C:\Users\Jaydawg\Desktop\VS Projects\Zombie Arena\ZombieArena.h(2,10): error C1083: Cannot open include file: 'SFML/Graphics.hpp': No such file or directory
  (compiling source file 'CreateHorde.cpp')
  
  main.cpp
C:\Users\Jaydawg\Desktop\VS Projects\Zombie Arena\Player.h(2,10): error C1083: Cannot open include file: 'SFML/Graphics.hpp': No such file or directory
  (compiling source file 'main.cpp')
  
  Pickup.cpp
C:\Users\Jaydawg\Desktop\VS Projects\Zombie Arena\Pickup.h(2,10): error C1083: Cannot open include file: 'SFML/Graphics.hpp': No such file or directory
  (compiling source file 'Pickup.cpp')
  
  Player.cpp
C:\Users\Jaydawg\Desktop\VS Projects\Zombie Arena\Player.h(2,10): error C1083: Cannot open include file: 'SFML/Graphics.hpp': No such file or directory
  (compiling source file 'Player.cpp')
  
  TextureHolder.cpp
C:\Users\Jaydawg\Desktop\VS Projects\Zombie Arena\TextureHolder.h(4,10): error C1083: Cannot open include file: 'SFML/Graphics.hpp': No such file or directory
  (compiling source file 'TextureHolder.cpp')
  
  Zombie.cpp
C:\Users\Jaydawg\Desktop\VS Projects\Zombie Arena\Zombie.h(2,10): error C1083: Cannot open include file: 'SFML/Graphics.hpp': No such file or directory
  (compiling source file 'Zombie.cpp')
  
  Generating Code...
